<?xml version="1.0" encoding="UTF-8"?>
<testsuite name="org.hyperledger.fabric.samples.assettransfer.AssetTest$Equality" tests="6" skipped="0" failures="0" errors="0" timestamp="2021-04-23T12:48:58" hostname="APOLLO" time="0.01">
  <properties/>
  <testcase name="handlesOtherObjects()" classname="org.hyperledger.fabric.samples.assettransfer.AssetTest$Equality" time="0.006"/>
  <testcase name="isReflexive()" classname="org.hyperledger.fabric.samples.assettransfer.AssetTest$Equality" time="0.0"/>
  <testcase name="isTransitive()" classname="org.hyperledger.fabric.samples.assettransfer.AssetTest$Equality" time="0.0"/>
  <testcase name="handlesInequality()" classname="org.hyperledger.fabric.samples.assettransfer.AssetTest$Equality" time="0.0"/>
  <testcase name="isSymmetric()" classname="org.hyperledger.fabric.samples.assettransfer.AssetTest$Equality" time="0.0"/>
  <testcase name="handlesNull()" classname="org.hyperledger.fabric.samples.assettransfer.AssetTest$Equality" time="0.0"/>
  <system-out><![CDATA[]]></system-out>
  <system-err><![CDATA[]]></system-err>
</testsuite>
