<?xml version="1.0" encoding="UTF-8"?>
<testsuite name="org.hyperledger.fabric.samples.assettransfer.AssetTransferTest$InvokeCreateAssetTransaction" tests="2" skipped="0" failures="0" errors="0" timestamp="2021-04-23T12:49:01" hostname="APOLLO" time="0.002">
  <properties/>
  <testcase name="whenAssetExists()" classname="org.hyperledger.fabric.samples.assettransfer.AssetTransferTest$InvokeCreateAssetTransaction" time="0.001"/>
  <testcase name="whenAssetDoesNotExist()" classname="org.hyperledger.fabric.samples.assettransfer.AssetTransferTest$InvokeCreateAssetTransaction" time="0.0"/>
  <system-out><![CDATA[Asset asset1 already exists
]]></system-out>
  <system-err><![CDATA[]]></system-err>
</testsuite>
